<?xml version="1.0" encoding="UTF-8"?>
<!-- Generated by org.testng.reporters.JUnitXMLReporter -->
<testsuite ignored="2" hostname="DESKTOP-AQJ7M6E" failures="0" tests="1" name="Default test" time="7.324" errors="0" timestamp="2022-10-14T00:15:20 IST">
  <testcase classname="com.graphql.tests.GraphQLQueryTest" name="getAllUsers_WithPojoTest" time="7.237"/>
  <testcase classname="com.graphql.tests.GraphQLQueryTest" name="getAllFilmsTest" time="0.0">
    <ignored/>
  </testcase> <!-- getAllFilmsTest -->
  <testcase classname="com.graphql.tests.GraphQLQueryTest" name="getAllUsersTest" time="0.0">
    <ignored/>
  </testcase> <!-- getAllUsersTest -->
</testsuite> <!-- Default test -->
