<?xml version="1.0" encoding="UTF-8"?>
<testng-results ignored="0" total="1" passed="1" failed="0" skipped="0">
  <reporter-output>
  </reporter-output>
  <suite started-at="2022-10-08T16:35:29 IST" name="Surefire suite" finished-at="2022-10-08T16:35:34 IST" duration-ms="5176">
    <groups>
    </groups>
    <test started-at="2022-10-08T16:35:29 IST" name="Surefire test" finished-at="2022-10-08T16:35:34 IST" duration-ms="5176">
      <class name="com.graphql.tests.GraphQLQueryTest">
        <test-method signature="getAllFilmsTest()[pri:0, instance:com.graphql.tests.GraphQLQueryTest@7c9d8e2]" started-at="2022-10-08T16:35:29 IST" name="getAllFilmsTest" finished-at="2022-10-08T16:35:34 IST" duration-ms="5095" status="PASS">
          <reporter-output>
          </reporter-output>
        </test-method> <!-- getAllFilmsTest -->
      </class> <!-- com.graphql.tests.GraphQLQueryTest -->
    </test> <!-- Surefire test -->
  </suite> <!-- Surefire suite -->
</testng-results>
