<?xml version="1.0" encoding="UTF-8"?>
<testng-results ignored="2" total="3" passed="1" failed="0" skipped="0">
  <reporter-output>
  </reporter-output>
  <suite started-at="2022-10-14T00:15:12 IST" name="Default suite" finished-at="2022-10-14T00:15:20 IST" duration-ms="7324">
    <groups>
    </groups>
    <test started-at="2022-10-14T00:15:12 IST" name="Default test" finished-at="2022-10-14T00:15:20 IST" duration-ms="7324">
      <class name="com.graphql.tests.GraphQLQueryTest">
        <test-method signature="getAllUsers_WithPojoTest()[pri:0, instance:com.graphql.tests.GraphQLQueryTest@4229bb3f]" started-at="2022-10-14T00:15:13 IST" name="getAllUsers_WithPojoTest" finished-at="2022-10-14T00:15:20 IST" duration-ms="7237" status="PASS">
          <reporter-output>
          </reporter-output>
        </test-method> <!-- getAllUsers_WithPojoTest -->
      </class> <!-- com.graphql.tests.GraphQLQueryTest -->
    </test> <!-- Default test -->
  </suite> <!-- Default suite -->
</testng-results>
